<?xml version="1.0" encoding="UTF-8" ?>
<testsuite errors="0" failures="1" hostname="DESKTOP-6G8E09R" name="MyTests" skipped="0" tests="2" time="0.076" timestamp="2019-07-16T12:17:55">
  <properties>
[...]
</properties>
  <testcase classname="MyTests" name="testProductWithZero" time="0.004" />
  <testcase classname="MyTests" name="testString" time="0.008">
    <failure message="expected:&lt;[]&gt; but was:&lt;[0]&gt;" type="junit.framework.AssertionFailedError">junit.framework.AssertionFailedError: expected:&lt;[]&gt; but was:&lt;[0]&gt;
	at MyTests.testString(Unknown Source)
</failure>
  </testcase>
  <system-out><![CDATA[]]></system-out>
  <system-err><![CDATA[]]></system-err>
</testsuite>
